elbread.dll ver. 1.0.5.365 Mon May 04 21:58:51 2020


---------------------------------------------
Entity           | Architecture  | Library 
---------------------------------------------
atm              | structural    | atm_struct
num_dir          | arh           | atm_struct
reg_univ         | arh_reguniv11 | atm_struct
reg_suma         | arh_regsuma   | atm_struct
comparator       | behavioral    | atm_struct
cardpin          | verificare    | atm_struct
muxcomanda       | behavioral    | atm_struct
mux_chitanta     | arh           | atm_struct
sumator          | behavioral    | atm_struct
sumatorbancnote  | behavioral    | atm_struct
sumacodif        | behavioral    | atm_struct
ssd              | behavioral    | atm_struct
---------------------------------------------

-----------------------------
Package             | Library
-----------------------------
standard            | std
std_logic_1164      | ieee
std_logic_arith     | ieee
std_logic_unsigned  | ieee
-----------------------------
